<?xml version="1.0" encoding="UTF-8"?>
<!-- Generated by org.testng.reporters.JUnitXMLReporter -->
<testsuite ignored="0" hostname="DESKTOP-I4B7NNS" failures="0" tests="3" name="Default test" time="34.126" errors="0" timestamp="07 Apr 2021 14:52:26 GMT">
  <testcase classname="twitter.testcases.TC_HealthCheck" name="tc_001" time="9.061"/>
  <testcase classname="twitter.testcases.TC_HealthCheck" name="tc_002" time="11.619"/>
  <testcase classname="twitter.testcases.TC_HealthCheck" name="tc_003" time="12.897"/>
</testsuite> <!-- Default test -->
