<?xml version="1.0" encoding="UTF-8"?>
<!-- Generated by org.testng.reporters.JUnitXMLReporter -->
<testsuite ignored="0" hostname="DESKTOP-I4B7NNS" failures="0" tests="7" name="Console-Tests-1" time="54.863" errors="0" timestamp="05 Apr 2021 10:37:57 GMT">
  <testcase classname="twitter.testcases.console.ConsoleTests" name="tc_001_Login" time="14.61"/>
  <testcase classname="twitter.testcases.console.ConsoleTests" name="tc_002_Explore_Tab" time="6.331"/>
  <testcase classname="twitter.testcases.console.ConsoleTests" name="tc_003_Notifications_Tab" time="8.267"/>
  <testcase classname="twitter.testcases.console.ConsoleTests" name="tc_004_Messages_Tab" time="4.143"/>
  <testcase classname="twitter.testcases.console.ConsoleTests" name="tc_005_Bookmarks_Tab" time="4.12"/>
  <testcase classname="twitter.testcases.console.ConsoleTests" name="tc_006_Lists_Tab" time="4.154"/>
  <testcase classname="twitter.testcases.console.ConsoleTests" name="tc_007_Profile_Tab" time="4.138"/>
</testsuite> <!-- Console-Tests-1 -->
