<?xml version="1.0" encoding="UTF-8"?>
<!-- Generated by org.testng.reporters.JUnitXMLReporter -->
<testsuite ignored="0" hostname="DESKTOP-I4B7NNS" failures="0" tests="5" name="Console-Tests-2" time="52.238" errors="0" timestamp="07 Apr 2021 11:04:01 GMT">
  <testcase classname="twitter.testcases.console.ProfileTest" name="tc_001_Login" time="14.187"/>
  <testcase classname="twitter.testcases.console.ProfileTest" name="tc_002_Profile_Tab" time="4.213"/>
  <testcase classname="twitter.testcases.console.ProfileTest" name="tc_003_Overall_Profile_Checks" time="12.605"/>
  <testcase classname="twitter.testcases.console.ProfileTest" name="tc_004_Profile_Followers_and_Following_Checks" time="8.334"/>
  <testcase classname="twitter.testcases.console.ProfileTest" name="tc_005_Profile_Logout" time="8.28"/>
</testsuite> <!-- Console-Tests-2 -->
