<?xml version="1.0" encoding="UTF-8"?>
<!-- Generated by org.testng.reporters.JUnitXMLReporter -->
<testsuite ignored="0" hostname="DESKTOP-I4B7NNS" failures="0" tests="5" name="Console-Tests-2" time="51.727" errors="0" timestamp="05 Apr 2021 10:38:49 GMT">
  <testcase classname="twitter.testcases.console.ProfileTest" name="tc_001_Login" time="13.891"/>
  <testcase classname="twitter.testcases.console.ProfileTest" name="tc_002_Profile_Tab" time="4.156"/>
  <testcase classname="twitter.testcases.console.ProfileTest" name="tc_003_Overall_Profile_Checks" time="12.525"/>
  <testcase classname="twitter.testcases.console.ProfileTest" name="tc_004_Profile_Followers_and_Following_Checks" time="8.308"/>
  <testcase classname="twitter.testcases.console.ProfileTest" name="tc_005_Profile_Logout" time="8.247"/>
</testsuite> <!-- Console-Tests-2 -->
