<?xml version="1.0" encoding="UTF-8"?>
<!-- Generated by org.testng.reporters.JUnitXMLReporter -->
<testsuite ignored="0" hostname="DESKTOP-I4B7NNS" failures="0" tests="3" name="Console-Tests-4" time="17.033" errors="0" timestamp="07 Apr 2021 11:04:41 GMT">
  <testcase classname="twitter.testcases.console.TweetTests" name="tc_001_Login" time="13.866"/>
  <testcase classname="twitter.testcases.console.TweetTests" name="tc_002_Tweet" time="0.045"/>
  <testcase classname="twitter.testcases.console.TweetTests" name="tc_003_Check_Recent_Tweet" time="0.036"/>
</testsuite> <!-- Console-Tests-4 -->
