<?xml version="1.0" encoding="UTF-8"?>
<!-- Generated by org.testng.reporters.JUnitXMLReporter -->
<testsuite ignored="0" hostname="DESKTOP-I4B7NNS" failures="0" tests="3" name="Console-Tests-3" time="22.751" errors="0" timestamp="07 Apr 2021 11:04:24 GMT">
  <testcase classname="twitter.testcases.console.SearchTests" name="tc_001_Login" time="14.211"/>
  <testcase classname="twitter.testcases.console.SearchTests" name="tc_002_CheckSearch_Person" time="4.593"/>
  <testcase classname="twitter.testcases.console.SearchTests" name="tc_003_CheckSearch_Hashtag" time="0.051"/>
</testsuite> <!-- Console-Tests-3 -->
