<?xml version="1.0" encoding="UTF-8"?>
<!-- Generated by org.testng.reporters.JUnitXMLReporter -->
<testsuite ignored="0" hostname="DESKTOP-I4B7NNS" failures="0" tests="7" name="Console-Tests-1" time="67.566" errors="0" timestamp="07 Apr 2021 11:03:09 GMT">
  <testcase classname="twitter.testcases.console.ConsoleTests" name="tc_001_Login" time="14.002"/>
  <testcase classname="twitter.testcases.console.ConsoleTests" name="tc_002_Explore_Tab" time="23.18"/>
  <testcase classname="twitter.testcases.console.ConsoleTests" name="tc_003_Notifications_Tab" time="8.39"/>
  <testcase classname="twitter.testcases.console.ConsoleTests" name="tc_004_Messages_Tab" time="4.142"/>
  <testcase classname="twitter.testcases.console.ConsoleTests" name="tc_005_Bookmarks_Tab" time="4.139"/>
  <testcase classname="twitter.testcases.console.ConsoleTests" name="tc_006_Lists_Tab" time="4.15"/>
  <testcase classname="twitter.testcases.console.ConsoleTests" name="tc_007_Profile_Tab" time="4.17"/>
</testsuite> <!-- Console-Tests-1 -->
