<?xml version="1.0" encoding="UTF-8"?>
<testng-results ignored="0" total="3" passed="3" failed="0" skipped="0">
  <reporter-output>
  </reporter-output>
  <suite started-at="2021-04-07T14:51:52Z" name="Default suite" finished-at="2021-04-07T14:52:26Z" duration-ms="34126">
    <groups>
    </groups>
    <test started-at="2021-04-07T14:51:52Z" name="Default test" finished-at="2021-04-07T14:52:26Z" duration-ms="34126">
      <class name="twitter.testcases.TC_HealthCheck">
        <test-method is-config="true" signature="setup()[pri:0, instance:twitter.testcases.TC_HealthCheck@573906eb]" started-at="2021-04-07T14:51:52Z" name="setup" finished-at="2021-04-07T14:51:52Z" duration-ms="213" status="PASS">
          <reporter-output>
          </reporter-output>
        </test-method> <!-- setup -->
        <test-method is-config="true" signature="startReport(java.lang.reflect.Method)[pri:0, instance:twitter.testcases.TC_HealthCheck@573906eb]" started-at="2021-04-07T14:51:52Z" name="startReport" finished-at="2021-04-07T14:51:52Z" duration-ms="5" status="PASS">
          <params>
            <param index="0">
              <value>
                <![CDATA[public void twitter.testcases.TC_HealthCheck.tc_001() throws java.lang.InterruptedException]]>
              </value>
            </param>
          </params>
          <reporter-output>
          </reporter-output>
        </test-method> <!-- startReport -->
        <test-method signature="tc_001()[pri:0, instance:twitter.testcases.TC_HealthCheck@573906eb]" started-at="2021-04-07T14:51:52Z" name="tc_001" finished-at="2021-04-07T14:52:01Z" duration-ms="9061" status="PASS">
          <reporter-output>
          </reporter-output>
        </test-method> <!-- tc_001 -->
        <test-method is-config="true" signature="endReport()[pri:0, instance:twitter.testcases.TC_HealthCheck@573906eb]" started-at="2021-04-07T14:52:01Z" name="endReport" finished-at="2021-04-07T14:52:01Z" duration-ms="225" status="PASS">
          <reporter-output>
          </reporter-output>
        </test-method> <!-- endReport -->
        <test-method signature="tc_002()[pri:0, instance:twitter.testcases.TC_HealthCheck@573906eb]" started-at="2021-04-07T14:52:01Z" name="tc_002" finished-at="2021-04-07T14:52:13Z" duration-ms="11619" status="PASS">
          <reporter-output>
          </reporter-output>
        </test-method> <!-- tc_002 -->
        <test-method is-config="true" signature="startReport(java.lang.reflect.Method)[pri:0, instance:twitter.testcases.TC_HealthCheck@573906eb]" started-at="2021-04-07T14:52:01Z" name="startReport" finished-at="2021-04-07T14:52:01Z" duration-ms="0" status="PASS">
          <params>
            <param index="0">
              <value>
                <![CDATA[public void twitter.testcases.TC_HealthCheck.tc_002() throws java.lang.InterruptedException]]>
              </value>
            </param>
          </params>
          <reporter-output>
          </reporter-output>
        </test-method> <!-- startReport -->
        <test-method is-config="true" signature="endReport()[pri:0, instance:twitter.testcases.TC_HealthCheck@573906eb]" started-at="2021-04-07T14:52:13Z" name="endReport" finished-at="2021-04-07T14:52:13Z" duration-ms="43" status="PASS">
          <reporter-output>
          </reporter-output>
        </test-method> <!-- endReport -->
        <test-method is-config="true" signature="startReport(java.lang.reflect.Method)[pri:0, instance:twitter.testcases.TC_HealthCheck@573906eb]" started-at="2021-04-07T14:52:13Z" name="startReport" finished-at="2021-04-07T14:52:13Z" duration-ms="1" status="PASS">
          <params>
            <param index="0">
              <value>
                <![CDATA[public void twitter.testcases.TC_HealthCheck.tc_003() throws java.lang.InterruptedException]]>
              </value>
            </param>
          </params>
          <reporter-output>
          </reporter-output>
        </test-method> <!-- startReport -->
        <test-method signature="tc_003()[pri:0, instance:twitter.testcases.TC_HealthCheck@573906eb]" started-at="2021-04-07T14:52:13Z" name="tc_003" finished-at="2021-04-07T14:52:26Z" duration-ms="12897" status="PASS">
          <reporter-output>
          </reporter-output>
        </test-method> <!-- tc_003 -->
        <test-method is-config="true" signature="endReport()[pri:0, instance:twitter.testcases.TC_HealthCheck@573906eb]" started-at="2021-04-07T14:52:26Z" name="endReport" finished-at="2021-04-07T14:52:26Z" duration-ms="33" status="PASS">
          <reporter-output>
          </reporter-output>
        </test-method> <!-- endReport -->
        <test-method is-config="true" signature="terminate()[pri:0, instance:twitter.testcases.TC_HealthCheck@573906eb]" started-at="2021-04-07T14:52:26Z" name="terminate" finished-at="2021-04-07T14:52:26Z" duration-ms="0" status="PASS">
          <reporter-output>
          </reporter-output>
        </test-method> <!-- terminate -->
      </class> <!-- twitter.testcases.TC_HealthCheck -->
    </test> <!-- Default test -->
  </suite> <!-- Default suite -->
</testng-results>
